<?xml version="1.0" encoding="UTF-8"?>
<beans xmlns="http://www.springframework.org/schema/beans"
    xmlns:xsi="http://www.w3.org/2001/XMLSchema-instance"
    xsi:schemaLocation="http://www.springframework.org/schema/beans http://www.springframework.org/schema/beans/spring-beans.xsd">

    <!-- Data-source -->
    <bean id="dataSource" class="org.apache.commons.dbcp2.BasicDataSource">
        <property name="driverClassName" value="com.mysql.jdbc.Driver" />
        <property name="url"
                  value="jdbc:mysql://localhost/ssotest?autoReconnect=true&amp;characterEncoding=utf8&amp;serverTimezone=Europe/Moscow"/>
        <!--&amp;profileSQL=true-->
        <property name="username"  value="sso"                                    />
        <property name="password"  value="123sso123"                              />
        <property name="maxTotal" value="-1"                                      />
        <property name="maxIdle"   value="2"                                      />
        <property name="maxWaitMillis"   value="5000"                             />
        <property name="testOnBorrow"   value="true"                              />
        <property name="validationQuery"   value="{call create_collections()}"    />
    </bean>


</beans>
